<?xml version="1.0" encoding="UTF-8"?>
<testng-results skipped="0" failed="1" total="1" passed="0">
  <reporter-output>
  </reporter-output>
  <suite name="Default suite" duration-ms="8791" started-at="2022-11-16T04:51:57Z" finished-at="2022-11-16T04:52:05Z">
    <groups>
    </groups>
    <test name="Default test" duration-ms="8791" started-at="2022-11-16T04:51:57Z" finished-at="2022-11-16T04:52:05Z">
      <class name="HomeModule.TC_ID">
        <test-method status="PASS" signature="launchingBrowser()[pri:0, instance:HomeModule.TC_ID@1d251891]" name="launchingBrowser" is-config="true" duration-ms="3811" started-at="2022-11-16T10:21:53Z" finished-at="2022-11-16T10:21:57Z">
          <reporter-output>
          </reporter-output>
        </test-method> <!-- launchingBrowser -->
        <test-method status="PASS" signature="navigatingToApp()[pri:0, instance:HomeModule.TC_ID@1d251891]" name="navigatingToApp" is-config="true" duration-ms="8659" started-at="2022-11-16T10:21:57Z" finished-at="2022-11-16T10:22:05Z">
          <reporter-output>
          </reporter-output>
        </test-method> <!-- navigatingToApp -->
        <test-method status="FAIL" signature="TestCaseDiscription()[pri:0, instance:HomeModule.TC_ID@1d251891]" name="TestCaseDiscription" duration-ms="120" started-at="2022-11-16T10:22:05Z" finished-at="2022-11-16T10:22:05Z">
          <exception class="java.io.FileNotFoundException">
            <message>
              <![CDATA[.\src\test\resources\TestData\property.fileproperty (The system cannot find the path specified)]]>
            </message>
            <full-stacktrace>
              <![CDATA[java.io.FileNotFoundException: .\src\test\resources\TestData\property.fileproperty (The system cannot find the path specified)
	at java.io.FileInputStream.open0(Native Method)
	at java.io.FileInputStream.open(Unknown Source)
	at java.io.FileInputStream.<init>(Unknown Source)
	at java.io.FileInputStream.<init>(Unknown Source)
	at genericutility.PropertyMainUtility.PropertyReader(PropertyMainUtility.java:10)
	at HomeModule.TC_ID.TestCaseDiscription(TC_ID.java:18)
	at sun.reflect.NativeMethodAccessorImpl.invoke0(Native Method)
	at sun.reflect.NativeMethodAccessorImpl.invoke(Unknown Source)
	at sun.reflect.DelegatingMethodAccessorImpl.invoke(Unknown Source)
	at java.lang.reflect.Method.invoke(Unknown Source)
	at org.testng.internal.MethodInvocationHelper.invokeMethod(MethodInvocationHelper.java:86)
	at org.testng.internal.Invoker.invokeMethod(Invoker.java:645)
	at org.testng.internal.Invoker.invokeTestMethod(Invoker.java:822)
	at org.testng.internal.Invoker.invokeTestMethods(Invoker.java:1130)
	at org.testng.internal.TestMethodWorker.invokeTestMethods(TestMethodWorker.java:129)
	at org.testng.internal.TestMethodWorker.run(TestMethodWorker.java:112)
	at org.testng.TestRunner.privateRun(TestRunner.java:782)
	at org.testng.TestRunner.run(TestRunner.java:632)
	at org.testng.SuiteRunner.runTest(SuiteRunner.java:366)
	at org.testng.SuiteRunner.runSequentially(SuiteRunner.java:361)
	at org.testng.SuiteRunner.privateRun(SuiteRunner.java:319)
	at org.testng.SuiteRunner.run(SuiteRunner.java:268)
	at org.testng.SuiteRunnerWorker.runSuite(SuiteRunnerWorker.java:52)
	at org.testng.SuiteRunnerWorker.run(SuiteRunnerWorker.java:86)
	at org.testng.TestNG.runSuitesSequentially(TestNG.java:1244)
	at org.testng.TestNG.runSuitesLocally(TestNG.java:1169)
	at org.testng.TestNG.run(TestNG.java:1064)
	at org.testng.remote.RemoteTestNG.run(RemoteTestNG.java:113)
	at org.testng.remote.RemoteTestNG.initAndRun(RemoteTestNG.java:206)
	at org.testng.remote.RemoteTestNG.main(RemoteTestNG.java:177)
]]>
            </full-stacktrace>
          </exception> <!-- java.io.FileNotFoundException -->
          <reporter-output>
          </reporter-output>
        </test-method> <!-- TestCaseDiscription -->
        <test-method status="PASS" signature="loggingOut()[pri:0, instance:HomeModule.TC_ID@1d251891]" name="loggingOut" is-config="true" duration-ms="0" started-at="2022-11-16T10:22:05Z" finished-at="2022-11-16T10:22:05Z">
          <reporter-output>
          </reporter-output>
        </test-method> <!-- loggingOut -->
        <test-method status="PASS" signature="tearDownTheBrowser()[pri:0, instance:HomeModule.TC_ID@1d251891]" name="tearDownTheBrowser" is-config="true" duration-ms="0" started-at="2022-11-16T10:22:05Z" finished-at="2022-11-16T10:22:05Z">
          <reporter-output>
          </reporter-output>
        </test-method> <!-- tearDownTheBrowser -->
      </class> <!-- HomeModule.TC_ID -->
    </test> <!-- Default test -->
  </suite> <!-- Default suite -->
</testng-results>
